<?xml version="1.0" encoding="UTF-8"?>
<testng-results ignored="0" total="1" passed="1" failed="0" skipped="0">
  <reporter-output>
  </reporter-output>
  <suite started-at="2024-11-25T20:36:01 IST" name="Default suite" finished-at="2024-11-25T20:36:33 IST" duration-ms="31878">
    <groups>
    </groups>
    <test started-at="2024-11-25T20:36:01 IST" name="Default test" finished-at="2024-11-25T20:36:33 IST" duration-ms="31878">
      <class name="Demo.AlertPopup">
        <test-method is-config="true" signature="setUp()[pri:0, instance:Demo.AlertPopup@292b08d6]" started-at="2024-11-25T20:36:01 IST" name="setUp" finished-at="2024-11-25T20:36:12 IST" duration-ms="10980" status="PASS">
          <reporter-output>
          </reporter-output>
        </test-method> <!-- setUp -->
        <test-method signature="tc()[pri:0, instance:Demo.AlertPopup@292b08d6]" started-at="2024-11-25T20:36:12 IST" name="tc" finished-at="2024-11-25T20:36:32 IST" duration-ms="20273" status="PASS">
          <reporter-output>
          </reporter-output>
        </test-method> <!-- tc -->
        <test-method is-config="true" signature="tearDown()[pri:0, instance:Demo.AlertPopup@292b08d6]" started-at="2024-11-25T20:36:32 IST" name="tearDown" finished-at="2024-11-25T20:36:33 IST" duration-ms="520" status="PASS">
          <reporter-output>
          </reporter-output>
        </test-method> <!-- tearDown -->
      </class> <!-- Demo.AlertPopup -->
    </test> <!-- Default test -->
  </suite> <!-- Default suite -->
</testng-results>
